18:53:26.177 [main] DEBUG LexemeParser - Finish lexeme parsing
18:53:26.187 [main] DEBUG LexemeParser - Start lexeme parsing
18:53:26.188 [main] DEBUG LexemeParser - Finish lexeme parsing
18:53:26.188 [main] DEBUG LexemeParser - Start lexeme parsing
18:53:26.189 [main] DEBUG LexemeParser - Finish lexeme parsing
18:53:26.189 [main] DEBUG LexemeParser - Start lexeme parsing
18:53:26.190 [main] DEBUG LexemeParser - Finish lexeme parsing
18:53:26.190 [main] DEBUG LexemeParser - Start lexeme parsing
18:53:26.192 [main] DEBUG LexemeParser - Finish lexeme parsing
18:53:26.192 [main] DEBUG LexemeParser - Start lexeme parsing
18:53:26.193 [main] DEBUG LexemeParser - Finish lexeme parsing
18:53:26.194 [main] DEBUG LexemeParser - Start lexeme parsing
18:53:26.194 [main] DEBUG LexemeParser - Finish lexeme parsing
18:53:26.195 [main] DEBUG LexemeParser - Start lexeme parsing
18:53:26.195 [main] DEBUG LexemeParser - Finish lexeme parsing
18:53:26.195 [main] DEBUG LexemeParser - Start lexeme parsing
18:53:26.196 [main] DEBUG LexemeParser - Finish lexeme parsing
18:53:26.197 [main] DEBUG LexemeParser - Start lexeme parsing
18:53:26.197 [main] DEBUG LexemeParser - Finish lexeme parsing
18:53:26.198 [main] DEBUG LexemeParser - Start lexeme parsing
18:53:26.199 [main] DEBUG LexemeParser - Finish lexeme parsing
18:53:26.199 [main] DEBUG LexemeParser - Start lexeme parsing
18:53:26.200 [main] DEBUG LexemeParser - Finish lexeme parsing
18:53:26.200 [main] DEBUG LexemeParser - Start lexeme parsing
18:53:26.201 [main] DEBUG LexemeParser - Finish lexeme parsing
18:53:26.202 [main] DEBUG LexemeParser - Start lexeme parsing
18:53:26.202 [main] DEBUG LexemeParser - Finish lexeme parsing
18:53:26.202 [main] DEBUG LexemeParser - Start lexeme parsing
18:53:26.203 [main] DEBUG LexemeParser - Finish lexeme parsing
18:53:26.203 [main] DEBUG SentenceParser - Finish sentence parsing
18:53:26.203 [main] DEBUG SentenceParser - Start sentence parsing
18:53:26.204 [main] DEBUG LexemeParser - Start lexeme parsing
18:53:26.205 [main] DEBUG LexemeParser - Finish lexeme parsing
18:53:26.205 [main] DEBUG LexemeParser - Start lexeme parsing
18:53:26.205 [main] DEBUG LexemeParser - Finish lexeme parsing
18:53:26.206 [main] DEBUG LexemeParser - Start lexeme parsing
18:53:26.206 [main] DEBUG LexemeParser - Finish lexeme parsing
18:53:26.206 [main] DEBUG LexemeParser - Start lexeme parsing
18:53:26.207 [main] DEBUG LexemeParser - Finish lexeme parsing
18:53:26.207 [main] DEBUG LexemeParser - Start lexeme parsing
18:53:26.207 [main] DEBUG LexemeParser - Finish lexeme parsing
18:53:26.208 [main] DEBUG LexemeParser - Start lexeme parsing
18:53:26.208 [main] DEBUG LexemeParser - Finish lexeme parsing
18:53:26.208 [main] DEBUG LexemeParser - Start lexeme parsing
18:53:26.208 [main] DEBUG LexemeParser - Finish lexeme parsing
18:53:26.209 [main] DEBUG LexemeParser - Start lexeme parsing
18:53:26.209 [main] DEBUG LexemeParser - Finish lexeme parsing
18:53:26.209 [main] DEBUG LexemeParser - Start lexeme parsing
18:53:26.210 [main] DEBUG LexemeParser - Finish lexeme parsing
18:53:26.210 [main] DEBUG LexemeParser - Start lexeme parsing
18:53:26.211 [main] DEBUG LexemeParser - Finish lexeme parsing
18:53:26.211 [main] DEBUG LexemeParser - Start lexeme parsing
18:53:26.212 [main] DEBUG LexemeParser - Finish lexeme parsing
18:53:26.212 [main] DEBUG LexemeParser - Start lexeme parsing
18:53:26.213 [main] DEBUG LexemeParser - Finish lexeme parsing
18:53:26.213 [main] DEBUG LexemeParser - Start lexeme parsing
18:53:26.213 [main] DEBUG LexemeParser - Finish lexeme parsing
18:53:26.213 [main] DEBUG LexemeParser - Start lexeme parsing
18:53:26.215 [main] DEBUG LexemeParser - Finish lexeme parsing
18:53:26.216 [main] DEBUG LexemeParser - Start lexeme parsing
18:53:26.216 [main] DEBUG LexemeParser - Finish lexeme parsing
18:53:26.217 [main] DEBUG LexemeParser - Start lexeme parsing
18:53:26.218 [main] DEBUG LexemeParser - Finish lexeme parsing
18:53:26.218 [main] DEBUG LexemeParser - Start lexeme parsing
18:53:26.220 [main] DEBUG LexemeParser - Finish lexeme parsing
18:53:26.221 [main] DEBUG LexemeParser - Start lexeme parsing
18:53:26.221 [main] DEBUG LexemeParser - Finish lexeme parsing
18:53:26.221 [main] DEBUG LexemeParser - Start lexeme parsing
18:53:34.116 [main] DEBUG TextParser - Start text parsing
18:53:34.120 [main] DEBUG ParagraphParser - Start paragraph parsing
18:53:34.122 [main] DEBUG SentenceParser - Start sentence parsing
18:53:34.122 [main] DEBUG LexemeParser - Start lexeme parsing
18:53:34.123 [main] DEBUG LexemeParser - Finish lexeme parsing
18:53:34.123 [main] DEBUG LexemeParser - Start lexeme parsing
18:53:34.123 [main] DEBUG LexemeParser - Finish lexeme parsing
18:53:34.123 [main] DEBUG LexemeParser - Start lexeme parsing
18:53:34.123 [main] DEBUG LexemeParser - Finish lexeme parsing
18:53:34.123 [main] DEBUG LexemeParser - Start lexeme parsing
18:53:34.123 [main] DEBUG LexemeParser - Finish lexeme parsing
18:53:34.123 [main] DEBUG LexemeParser - Start lexeme parsing
18:53:34.124 [main] DEBUG LexemeParser - Finish lexeme parsing
18:53:34.124 [main] DEBUG LexemeParser - Start lexeme parsing
18:53:34.124 [main] DEBUG LexemeParser - Finish lexeme parsing
18:53:34.124 [main] DEBUG LexemeParser - Start lexeme parsing
18:53:34.124 [main] DEBUG LexemeParser - Finish lexeme parsing
18:53:34.124 [main] DEBUG LexemeParser - Start lexeme parsing
18:53:34.124 [main] DEBUG LexemeParser - Finish lexeme parsing
18:53:34.124 [main] DEBUG LexemeParser - Start lexeme parsing
18:53:34.125 [main] DEBUG LexemeParser - Finish lexeme parsing
18:53:34.125 [main] DEBUG LexemeParser - Start lexeme parsing
18:53:34.125 [main] DEBUG LexemeParser - Finish lexeme parsing
18:53:34.125 [main] DEBUG LexemeParser - Start lexeme parsing
18:53:34.125 [main] DEBUG LexemeParser - Finish lexeme parsing
18:53:34.126 [main] DEBUG LexemeParser - Start lexeme parsing
18:53:34.127 [main] DEBUG LexemeParser - Finish lexeme parsing
18:53:34.127 [main] DEBUG LexemeParser - Start lexeme parsing
18:53:34.127 [main] DEBUG LexemeParser - Finish lexeme parsing
18:53:34.127 [main] DEBUG LexemeParser - Start lexeme parsing
18:53:34.127 [main] DEBUG LexemeParser - Finish lexeme parsing
18:53:34.127 [main] DEBUG LexemeParser - Start lexeme parsing
18:53:34.127 [main] DEBUG LexemeParser - Finish lexeme parsing
18:53:34.127 [main] DEBUG LexemeParser - Start lexeme parsing
18:53:34.128 [main] DEBUG LexemeParser - Finish lexeme parsing
18:53:34.128 [main] DEBUG LexemeParser - Start lexeme parsing
18:53:34.128 [main] DEBUG LexemeParser - Finish lexeme parsing
18:53:34.128 [main] DEBUG LexemeParser - Start lexeme parsing
18:53:34.129 [main] DEBUG LexemeParser - Finish lexeme parsing
18:53:34.129 [main] DEBUG LexemeParser - Start lexeme parsing
18:53:34.129 [main] DEBUG LexemeParser - Finish lexeme parsing
18:53:34.129 [main] DEBUG LexemeParser - Start lexeme parsing
18:53:34.130 [main] DEBUG LexemeParser - Finish lexeme parsing
18:53:34.130 [main] DEBUG LexemeParser - Start lexeme parsing
18:53:34.130 [main] DEBUG LexemeParser - Finish lexeme parsing
18:53:34.130 [main] DEBUG LexemeParser - Start lexeme parsing
18:53:34.131 [main] DEBUG LexemeParser - Finish lexeme parsing
18:53:34.131 [main] DEBUG SentenceParser - Finish sentence parsing
18:53:34.131 [main] DEBUG SentenceParser - Start sentence parsing
18:53:34.131 [main] DEBUG LexemeParser - Start lexeme parsing
18:53:34.131 [main] DEBUG LexemeParser - Finish lexeme parsing
18:53:34.132 [main] DEBUG LexemeParser - Start lexeme parsing
18:53:34.132 [main] DEBUG LexemeParser - Finish lexeme parsing
18:53:34.132 [main] DEBUG LexemeParser - Start lexeme parsing
18:53:34.133 [main] DEBUG LexemeParser - Finish lexeme parsing
18:53:34.133 [main] DEBUG LexemeParser - Start lexeme parsing
18:53:34.133 [main] DEBUG LexemeParser - Finish lexeme parsing
18:53:34.133 [main] DEBUG LexemeParser - Start lexeme parsing
18:53:34.133 [main] DEBUG LexemeParser - Finish lexeme parsing
18:53:34.133 [main] DEBUG LexemeParser - Start lexeme parsing
18:53:34.133 [main] WARN  LexemeParser - Unknown symbol
18:53:34.134 [main] WARN  LexemeParser - Unknown symbol
18:53:34.134 [main] DEBUG LexemeParser - Finish lexeme parsing
18:53:34.134 [main] DEBUG LexemeParser - Start lexeme parsing
18:53:34.134 [main] DEBUG LexemeParser - Finish lexeme parsing
18:53:34.134 [main] DEBUG LexemeParser - Start lexeme parsing
18:53:34.134 [main] DEBUG LexemeParser - Finish lexeme parsing
18:53:34.134 [main] DEBUG LexemeParser - Start lexeme parsing
18:53:34.135 [main] DEBUG LexemeParser - Finish lexeme parsing
18:53:34.135 [main] DEBUG LexemeParser - Start lexeme parsing
18:53:34.135 [main] DEBUG LexemeParser - Finish lexeme parsing
18:53:34.135 [main] DEBUG LexemeParser - Start lexeme parsing
18:53:34.135 [main] DEBUG LexemeParser - Finish lexeme parsing
18:53:34.135 [main] DEBUG LexemeParser - Start lexeme parsing
18:53:34.136 [main] DEBUG LexemeParser - Finish lexeme parsing
18:53:34.136 [main] DEBUG LexemeParser - Start lexeme parsing
18:53:34.136 [main] DEBUG LexemeParser - Finish lexeme parsing
18:53:34.136 [main] DEBUG LexemeParser - Start lexeme parsing
18:53:34.136 [main] DEBUG LexemeParser - Finish lexeme parsing
18:53:34.136 [main] DEBUG LexemeParser - Start lexeme parsing
18:53:34.137 [main] DEBUG LexemeParser - Finish lexeme parsing
18:53:34.137 [main] DEBUG LexemeParser - Start lexeme parsing
18:53:34.137 [main] DEBUG LexemeParser - Finish lexeme parsing
18:53:34.137 [main] DEBUG LexemeParser - Start lexeme parsing
18:53:34.137 [main] DEBUG LexemeParser - Finish lexeme parsing
18:53:34.138 [main] DEBUG LexemeParser - Start lexeme parsing
18:53:34.138 [main] DEBUG LexemeParser - Finish lexeme parsing
18:53:34.138 [main] DEBUG LexemeParser - Start lexeme parsing
18:53:34.138 [main] DEBUG LexemeParser - Finish lexeme parsing
18:53:34.138 [main] DEBUG LexemeParser - Start lexeme parsing
18:53:34.138 [main] DEBUG LexemeParser - Finish lexeme parsing
18:53:34.138 [main] DEBUG LexemeParser - Start lexeme parsing
18:53:34.138 [main] DEBUG LexemeParser - Finish lexeme parsing
18:53:34.138 [main] DEBUG LexemeParser - Start lexeme parsing
18:53:34.139 [main] DEBUG LexemeParser - Finish lexeme parsing
18:53:34.139 [main] DEBUG LexemeParser - Start lexeme parsing
18:53:34.139 [main] DEBUG LexemeParser - Finish lexeme parsing
18:53:34.139 [main] DEBUG LexemeParser - Start lexeme parsing
18:53:34.139 [main] DEBUG LexemeParser - Finish lexeme parsing
18:53:34.140 [main] DEBUG LexemeParser - Start lexeme parsing
18:53:34.140 [main] DEBUG LexemeParser - Finish lexeme parsing
18:53:34.140 [main] DEBUG LexemeParser - Start lexeme parsing
18:53:34.140 [main] DEBUG LexemeParser - Finish lexeme parsing
18:53:34.140 [main] DEBUG LexemeParser - Start lexeme parsing
18:53:34.140 [main] DEBUG LexemeParser - Finish lexeme parsing
18:53:34.140 [main] DEBUG LexemeParser - Start lexeme parsing
18:53:34.140 [main] DEBUG LexemeParser - Finish lexeme parsing
18:53:34.140 [main] DEBUG LexemeParser - Start lexeme parsing
18:53:34.141 [main] DEBUG LexemeParser - Finish lexeme parsing
18:53:34.141 [main] DEBUG LexemeParser - Start lexeme parsing
18:53:34.141 [main] DEBUG LexemeParser - Finish lexeme parsing
18:53:34.141 [main] DEBUG LexemeParser - Start lexeme parsing
18:53:34.141 [main] DEBUG LexemeParser - Finish lexeme parsing
18:53:34.141 [main] DEBUG LexemeParser - Start lexeme parsing
18:53:34.141 [main] DEBUG LexemeParser - Finish lexeme parsing
18:53:34.141 [main] DEBUG LexemeParser - Start lexeme parsing
18:53:34.141 [main] DEBUG LexemeParser - Finish lexeme parsing
18:53:34.142 [main] DEBUG SentenceParser - Finish sentence parsing
18:53:34.142 [main] DEBUG SentenceParser - Start sentence parsing
18:53:34.142 [main] DEBUG LexemeParser - Start lexeme parsing
18:53:34.142 [main] DEBUG LexemeParser - Finish lexeme parsing
18:53:34.142 [main] DEBUG LexemeParser - Start lexeme parsing
18:53:34.142 [main] DEBUG LexemeParser - Finish lexeme parsing
18:53:34.142 [main] DEBUG LexemeParser - Start lexeme parsing
18:53:34.142 [main] DEBUG LexemeParser - Finish lexeme parsing
18:53:34.142 [main] DEBUG LexemeParser - Start lexeme parsing
18:53:34.142 [main] DEBUG LexemeParser - Finish lexeme parsing
18:53:34.142 [main] DEBUG LexemeParser - Start lexeme parsing
18:53:34.142 [main] DEBUG LexemeParser - Finish lexeme parsing
18:53:34.142 [main] DEBUG LexemeParser - Start lexeme parsing
18:53:34.142 [main] DEBUG LexemeParser - Finish lexeme parsing
18:53:34.143 [main] DEBUG LexemeParser - Start lexeme parsing
18:53:34.143 [main] DEBUG LexemeParser - Finish lexeme parsing
18:53:34.143 [main] DEBUG LexemeParser - Start lexeme parsing
18:53:34.143 [main] DEBUG LexemeParser - Finish lexeme parsing
18:53:34.143 [main] DEBUG LexemeParser - Start lexeme parsing
18:53:34.143 [main] DEBUG LexemeParser - Finish lexeme parsing
18:53:34.143 [main] DEBUG LexemeParser - Start lexeme parsing
18:53:34.143 [main] DEBUG LexemeParser - Finish lexeme parsing
18:53:34.143 [main] DEBUG LexemeParser - Start lexeme parsing
18:53:34.144 [main] DEBUG LexemeParser - Finish lexeme parsing
18:53:34.144 [main] DEBUG LexemeParser - Start lexeme parsing
18:53:34.144 [main] DEBUG LexemeParser - Finish lexeme parsing
18:53:34.144 [main] DEBUG LexemeParser - Start lexeme parsing
18:53:34.145 [main] DEBUG LexemeParser - Finish lexeme parsing
18:53:34.145 [main] DEBUG LexemeParser - Start lexeme parsing
18:53:34.145 [main] DEBUG LexemeParser - Finish lexeme parsing
18:53:34.145 [main] DEBUG LexemeParser - Start lexeme parsing
18:53:34.145 [main] DEBUG LexemeParser - Finish lexeme parsing
18:53:34.145 [main] DEBUG LexemeParser - Start lexeme parsing
18:53:34.145 [main] DEBUG LexemeParser - Finish lexeme parsing
18:53:34.145 [main] DEBUG LexemeParser - Start lexeme parsing
18:53:34.146 [main] DEBUG LexemeParser - Finish lexeme parsing
18:53:34.146 [main] DEBUG LexemeParser - Start lexeme parsing
18:53:34.146 [main] DEBUG LexemeParser - Finish lexeme parsing
18:53:34.146 [main] DEBUG LexemeParser - Start lexeme parsing
18:53:34.146 [main] DEBUG LexemeParser - Finish lexeme parsing
18:53:34.146 [main] DEBUG LexemeParser - Start lexeme parsing
18:53:34.146 [main] DEBUG LexemeParser - Finish lexeme parsing
18:53:34.146 [main] DEBUG LexemeParser - Start lexeme parsing
18:53:34.147 [main] DEBUG LexemeParser - Finish lexeme parsing
18:53:34.147 [main] DEBUG LexemeParser - Start lexeme parsing
18:53:34.147 [main] DEBUG LexemeParser - Finish lexeme parsing
18:53:34.147 [main] DEBUG LexemeParser - Start lexeme parsing
18:53:34.147 [main] DEBUG LexemeParser - Finish lexeme parsing
18:53:34.147 [main] DEBUG LexemeParser - Start lexeme parsing
18:53:34.147 [main] DEBUG LexemeParser - Finish lexeme parsing
18:53:34.147 [main] DEBUG LexemeParser - Start lexeme parsing
18:53:34.147 [main] DEBUG LexemeParser - Finish lexeme parsing
18:53:34.147 [main] DEBUG LexemeParser - Start lexeme parsing
18:53:34.148 [main] DEBUG LexemeParser - Finish lexeme parsing
18:53:34.148 [main] DEBUG LexemeParser - Start lexeme parsing
18:53:34.148 [main] DEBUG LexemeParser - Finish lexeme parsing
18:53:34.148 [main] DEBUG LexemeParser - Start lexeme parsing
18:53:34.148 [main] DEBUG LexemeParser - Finish lexeme parsing
18:53:34.148 [main] DEBUG LexemeParser - Start lexeme parsing
18:53:34.148 [main] DEBUG LexemeParser - Finish lexeme parsing
18:53:34.148 [main] DEBUG SentenceParser - Finish sentence parsing
18:53:34.149 [main] DEBUG SentenceParser - Start sentence parsing
18:53:34.149 [main] DEBUG LexemeParser - Start lexeme parsing
18:53:34.149 [main] DEBUG LexemeParser - Finish lexeme parsing
18:53:34.149 [main] DEBUG LexemeParser - Start lexeme parsing
18:53:34.149 [main] DEBUG LexemeParser - Finish lexeme parsing
18:53:34.149 [main] DEBUG LexemeParser - Start lexeme parsing
18:53:34.149 [main] DEBUG LexemeParser - Finish lexeme parsing
18:53:34.150 [main] DEBUG LexemeParser - Start lexeme parsing
18:53:34.150 [main] DEBUG LexemeParser - Finish lexeme parsing
18:53:34.150 [main] DEBUG LexemeParser - Start lexeme parsing
18:53:34.150 [main] DEBUG LexemeParser - Finish lexeme parsing
18:53:34.150 [main] DEBUG LexemeParser - Start lexeme parsing
18:53:34.150 [main] DEBUG LexemeParser - Finish lexeme parsing
18:53:34.151 [main] DEBUG LexemeParser - Start lexeme parsing
18:53:34.151 [main] DEBUG LexemeParser - Finish lexeme parsing
18:53:34.152 [main] DEBUG LexemeParser - Start lexeme parsing
18:53:34.152 [main] DEBUG LexemeParser - Finish lexeme parsing
18:53:34.152 [main] DEBUG LexemeParser - Start lexeme parsing
18:53:34.152 [main] DEBUG LexemeParser - Finish lexeme parsing
18:53:34.152 [main] DEBUG LexemeParser - Start lexeme parsing
18:53:34.152 [main] DEBUG LexemeParser - Finish lexeme parsing
18:53:34.152 [main] DEBUG LexemeParser - Start lexeme parsing
18:53:34.153 [main] DEBUG LexemeParser - Finish lexeme parsing
18:53:34.153 [main] DEBUG LexemeParser - Start lexeme parsing
18:53:34.153 [main] DEBUG LexemeParser - Finish lexeme parsing
18:53:34.153 [main] DEBUG LexemeParser - Start lexeme parsing
18:53:34.153 [main] DEBUG LexemeParser - Finish lexeme parsing
18:53:34.153 [main] DEBUG LexemeParser - Start lexeme parsing
18:53:34.153 [main] DEBUG LexemeParser - Finish lexeme parsing
18:53:34.154 [main] DEBUG LexemeParser - Start lexeme parsing
18:53:34.154 [main] DEBUG LexemeParser - Finish lexeme parsing
18:53:34.154 [main] DEBUG LexemeParser - Start lexeme parsing
18:53:34.154 [main] DEBUG LexemeParser - Finish lexeme parsing
18:53:34.154 [main] DEBUG LexemeParser - Start lexeme parsing
18:53:34.154 [main] DEBUG LexemeParser - Finish lexeme parsing
18:53:34.154 [main] DEBUG LexemeParser - Start lexeme parsing
18:53:34.154 [main] DEBUG LexemeParser - Finish lexeme parsing
18:53:34.155 [main] DEBUG LexemeParser - Start lexeme parsing
18:53:34.155 [main] DEBUG LexemeParser - Finish lexeme parsing
18:53:34.155 [main] DEBUG LexemeParser - Start lexeme parsing
18:53:34.155 [main] DEBUG LexemeParser - Finish lexeme parsing
18:53:34.155 [main] DEBUG LexemeParser - Start lexeme parsing
18:53:34.155 [main] DEBUG LexemeParser - Finish lexeme parsing
18:53:34.155 [main] DEBUG LexemeParser - Start lexeme parsing
18:53:34.155 [main] DEBUG LexemeParser - Finish lexeme parsing
18:53:34.155 [main] DEBUG LexemeParser - Start lexeme parsing
18:53:34.155 [main] DEBUG LexemeParser - Finish lexeme parsing
18:53:34.155 [main] DEBUG LexemeParser - Start lexeme parsing
18:53:34.155 [main] DEBUG LexemeParser - Finish lexeme parsing
18:53:34.155 [main] DEBUG LexemeParser - Start lexeme parsing
18:53:34.156 [main] DEBUG LexemeParser - Finish lexeme parsing
18:53:34.156 [main] DEBUG LexemeParser - Start lexeme parsing
18:53:34.156 [main] DEBUG LexemeParser - Finish lexeme parsing
18:53:34.156 [main] DEBUG LexemeParser - Start lexeme parsing
18:53:34.156 [main] DEBUG LexemeParser - Finish lexeme parsing
18:53:34.156 [main] DEBUG LexemeParser - Start lexeme parsing
18:53:34.156 [main] DEBUG LexemeParser - Finish lexeme parsing
18:53:34.156 [main] DEBUG SentenceParser - Finish sentence parsing
18:53:34.157 [main] DEBUG SentenceParser - Start sentence parsing
18:53:34.157 [main] DEBUG LexemeParser - Start lexeme parsing
18:53:34.157 [main] DEBUG LexemeParser - Finish lexeme parsing
18:53:34.157 [main] DEBUG LexemeParser - Start lexeme parsing
18:53:34.157 [main] DEBUG LexemeParser - Finish lexeme parsing
18:53:34.157 [main] DEBUG LexemeParser - Start lexeme parsing
18:53:34.157 [main] DEBUG LexemeParser - Finish lexeme parsing
18:53:34.157 [main] DEBUG LexemeParser - Start lexeme parsing
18:53:34.157 [main] DEBUG LexemeParser - Finish lexeme parsing
18:53:34.157 [main] DEBUG LexemeParser - Start lexeme parsing
18:53:34.157 [main] DEBUG LexemeParser - Finish lexeme parsing
18:53:34.158 [main] DEBUG LexemeParser - Start lexeme parsing
18:53:34.158 [main] DEBUG LexemeParser - Finish lexeme parsing
18:53:34.158 [main] DEBUG LexemeParser - Start lexeme parsing
18:53:34.158 [main] DEBUG LexemeParser - Finish lexeme parsing
18:53:34.158 [main] DEBUG LexemeParser - Start lexeme parsing
18:53:34.158 [main] DEBUG LexemeParser - Finish lexeme parsing
18:53:34.158 [main] DEBUG LexemeParser - Start lexeme parsing
18:53:34.158 [main] DEBUG LexemeParser - Finish lexeme parsing
