18:43:53.997 [main] DEBUG LexemeParser - Finish lexeme parsing
18:43:54.002 [main] DEBUG LexemeParser - Start lexeme parsing
18:43:54.003 [main] DEBUG LexemeParser - Finish lexeme parsing
18:43:54.003 [main] DEBUG LexemeParser - Start lexeme parsing
18:43:54.003 [main] DEBUG LexemeParser - Finish lexeme parsing
18:43:54.003 [main] DEBUG LexemeParser - Start lexeme parsing
18:43:54.003 [main] DEBUG LexemeParser - Finish lexeme parsing
18:43:54.003 [main] DEBUG LexemeParser - Start lexeme parsing
18:43:54.003 [main] DEBUG LexemeParser - Finish lexeme parsing
18:43:54.004 [main] DEBUG LexemeParser - Start lexeme parsing
18:43:54.005 [main] DEBUG LexemeParser - Finish lexeme parsing
18:43:54.005 [main] DEBUG LexemeParser - Start lexeme parsing
18:43:54.005 [main] DEBUG LexemeParser - Finish lexeme parsing
18:43:54.005 [main] DEBUG LexemeParser - Start lexeme parsing
18:43:54.005 [main] DEBUG LexemeParser - Finish lexeme parsing
18:43:54.005 [main] DEBUG LexemeParser - Start lexeme parsing
18:43:54.006 [main] DEBUG LexemeParser - Finish lexeme parsing
18:43:54.006 [main] DEBUG LexemeParser - Start lexeme parsing
18:43:54.006 [main] DEBUG LexemeParser - Finish lexeme parsing
18:43:54.006 [main] DEBUG LexemeParser - Start lexeme parsing
18:43:54.007 [main] DEBUG LexemeParser - Finish lexeme parsing
18:43:54.007 [main] DEBUG LexemeParser - Start lexeme parsing
18:43:54.007 [main] DEBUG LexemeParser - Finish lexeme parsing
18:43:54.007 [main] DEBUG LexemeParser - Start lexeme parsing
18:43:54.007 [main] DEBUG LexemeParser - Finish lexeme parsing
18:43:54.008 [main] DEBUG LexemeParser - Start lexeme parsing
18:43:54.008 [main] DEBUG LexemeParser - Finish lexeme parsing
18:43:54.008 [main] DEBUG LexemeParser - Start lexeme parsing
18:43:54.008 [main] DEBUG LexemeParser - Finish lexeme parsing
18:43:54.008 [main] DEBUG LexemeParser - Start lexeme parsing
18:43:54.008 [main] DEBUG LexemeParser - Finish lexeme parsing
18:43:54.009 [main] DEBUG LexemeParser - Start lexeme parsing
18:43:54.009 [main] DEBUG LexemeParser - Finish lexeme parsing
18:43:54.009 [main] DEBUG LexemeParser - Start lexeme parsing
18:43:54.010 [main] DEBUG LexemeParser - Finish lexeme parsing
18:43:54.010 [main] DEBUG LexemeParser - Start lexeme parsing
18:43:54.010 [main] DEBUG LexemeParser - Finish lexeme parsing
18:43:54.010 [main] DEBUG LexemeParser - Start lexeme parsing
18:43:54.010 [main] DEBUG LexemeParser - Finish lexeme parsing
18:43:54.010 [main] DEBUG LexemeParser - Start lexeme parsing
18:43:54.011 [main] DEBUG LexemeParser - Finish lexeme parsing
18:43:54.011 [main] DEBUG LexemeParser - Start lexeme parsing
18:43:54.011 [main] DEBUG LexemeParser - Finish lexeme parsing
18:43:54.011 [main] DEBUG LexemeParser - Start lexeme parsing
18:43:54.012 [main] DEBUG LexemeParser - Finish lexeme parsing
18:43:54.012 [main] DEBUG LexemeParser - Start lexeme parsing
18:43:54.012 [main] DEBUG LexemeParser - Finish lexeme parsing
18:43:54.012 [main] DEBUG LexemeParser - Start lexeme parsing
18:43:54.012 [main] DEBUG LexemeParser - Finish lexeme parsing
18:43:54.012 [main] DEBUG LexemeParser - Start lexeme parsing
18:43:54.012 [main] DEBUG LexemeParser - Finish lexeme parsing
18:43:54.012 [main] DEBUG LexemeParser - Start lexeme parsing
18:43:54.013 [main] DEBUG LexemeParser - Finish lexeme parsing
18:43:54.013 [main] DEBUG SentenceParser - Finish sentence parsing
18:43:54.013 [main] DEBUG SentenceParser - Start sentence parsing
18:43:54.013 [main] DEBUG LexemeParser - Start lexeme parsing
18:43:54.013 [main] DEBUG LexemeParser - Finish lexeme parsing
18:43:54.013 [main] DEBUG LexemeParser - Start lexeme parsing
18:43:54.013 [main] DEBUG LexemeParser - Finish lexeme parsing
18:43:54.014 [main] DEBUG LexemeParser - Start lexeme parsing
18:43:54.014 [main] DEBUG LexemeParser - Finish lexeme parsing
18:43:54.014 [main] DEBUG LexemeParser - Start lexeme parsing
18:43:54.014 [main] DEBUG LexemeParser - Finish lexeme parsing
18:43:54.014 [main] DEBUG LexemeParser - Start lexeme parsing
18:43:54.014 [main] DEBUG LexemeParser - Finish lexeme parsing
18:43:54.015 [main] DEBUG LexemeParser - Start lexeme parsing
18:43:54.015 [main] DEBUG LexemeParser - Finish lexeme parsing
18:43:54.015 [main] DEBUG LexemeParser - Start lexeme parsing
18:43:54.015 [main] DEBUG LexemeParser - Finish lexeme parsing
18:43:54.015 [main] DEBUG LexemeParser - Start lexeme parsing
18:43:54.015 [main] DEBUG LexemeParser - Finish lexeme parsing
18:43:54.015 [main] DEBUG LexemeParser - Start lexeme parsing
18:43:54.016 [main] DEBUG LexemeParser - Finish lexeme parsing
18:43:54.016 [main] DEBUG LexemeParser - Start lexeme parsing
18:43:54.016 [main] DEBUG LexemeParser - Finish lexeme parsing
18:43:54.016 [main] DEBUG LexemeParser - Start lexeme parsing
18:43:54.016 [main] DEBUG LexemeParser - Finish lexeme parsing
18:43:54.016 [main] DEBUG LexemeParser - Start lexeme parsing
18:43:54.016 [main] DEBUG LexemeParser - Finish lexeme parsing
18:43:54.017 [main] DEBUG LexemeParser - Start lexeme parsing
18:43:54.017 [main] DEBUG LexemeParser - Finish lexeme parsing
18:43:54.017 [main] DEBUG LexemeParser - Start lexeme parsing
18:43:54.017 [main] DEBUG LexemeParser - Finish lexeme parsing
18:43:54.017 [main] DEBUG LexemeParser - Start lexeme parsing
18:43:54.017 [main] DEBUG LexemeParser - Finish lexeme parsing
18:43:54.017 [main] DEBUG LexemeParser - Start lexeme parsing
18:43:54.018 [main] DEBUG LexemeParser - Finish lexeme parsing
18:43:54.018 [main] DEBUG LexemeParser - Start lexeme parsing
18:43:54.018 [main] DEBUG LexemeParser - Finish lexeme parsing
18:43:54.018 [main] DEBUG LexemeParser - Start lexeme parsing
18:43:54.018 [main] DEBUG LexemeParser - Finish lexeme parsing
18:43:54.018 [main] DEBUG LexemeParser - Start lexeme parsing
18:43:54.018 [main] DEBUG LexemeParser - Finish lexeme parsing
18:43:54.018 [main] DEBUG LexemeParser - Start lexeme parsing
18:43:54.018 [main] DEBUG LexemeParser - Finish lexeme parsing
18:43:54.018 [main] DEBUG LexemeParser - Start lexeme parsing
18:43:54.019 [main] DEBUG LexemeParser - Finish lexeme parsing
18:43:54.019 [main] DEBUG LexemeParser - Start lexeme parsing
18:43:54.019 [main] DEBUG LexemeParser - Finish lexeme parsing
18:43:54.019 [main] DEBUG LexemeParser - Start lexeme parsing
18:43:54.019 [main] DEBUG LexemeParser - Finish lexeme parsing
18:43:54.019 [main] DEBUG LexemeParser - Start lexeme parsing
18:43:54.019 [main] DEBUG LexemeParser - Finish lexeme parsing
18:43:54.019 [main] DEBUG LexemeParser - Start lexeme parsing
18:43:54.019 [main] DEBUG LexemeParser - Finish lexeme parsing
18:43:54.020 [main] DEBUG LexemeParser - Start lexeme parsing
18:43:54.020 [main] DEBUG LexemeParser - Finish lexeme parsing
18:43:54.020 [main] DEBUG LexemeParser - Start lexeme parsing
18:43:54.020 [main] DEBUG LexemeParser - Finish lexeme parsing
18:43:54.020 [main] DEBUG LexemeParser - Start lexeme parsing
18:43:54.020 [main] DEBUG LexemeParser - Finish lexeme parsing
18:43:54.020 [main] DEBUG LexemeParser - Start lexeme parsing
18:43:54.020 [main] DEBUG LexemeParser - Finish lexeme parsing
18:43:54.020 [main] DEBUG SentenceParser - Finish sentence parsing
18:43:54.020 [main] DEBUG SentenceParser - Start sentence parsing
18:43:54.021 [main] DEBUG LexemeParser - Start lexeme parsing
18:43:54.021 [main] DEBUG LexemeParser - Finish lexeme parsing
18:43:54.021 [main] DEBUG LexemeParser - Start lexeme parsing
18:43:54.021 [main] DEBUG LexemeParser - Finish lexeme parsing
18:43:54.021 [main] DEBUG LexemeParser - Start lexeme parsing
18:43:54.021 [main] DEBUG LexemeParser - Finish lexeme parsing
18:43:54.021 [main] DEBUG LexemeParser - Start lexeme parsing
18:43:54.021 [main] DEBUG LexemeParser - Finish lexeme parsing
18:43:54.022 [main] DEBUG LexemeParser - Start lexeme parsing
18:43:54.022 [main] DEBUG LexemeParser - Finish lexeme parsing
18:43:54.022 [main] DEBUG LexemeParser - Start lexeme parsing
18:43:54.022 [main] DEBUG LexemeParser - Finish lexeme parsing
18:43:54.022 [main] DEBUG LexemeParser - Start lexeme parsing
18:43:54.022 [main] DEBUG LexemeParser - Finish lexeme parsing
18:43:54.022 [main] DEBUG LexemeParser - Start lexeme parsing
18:43:54.022 [main] DEBUG LexemeParser - Finish lexeme parsing
18:43:54.022 [main] DEBUG LexemeParser - Start lexeme parsing
18:43:54.022 [main] DEBUG LexemeParser - Finish lexeme parsing
18:43:54.023 [main] DEBUG LexemeParser - Start lexeme parsing
18:43:54.023 [main] DEBUG LexemeParser - Finish lexeme parsing
18:43:54.023 [main] DEBUG LexemeParser - Start lexeme parsing
18:43:54.023 [main] DEBUG LexemeParser - Finish lexeme parsing
18:43:54.023 [main] DEBUG LexemeParser - Start lexeme parsing
18:43:54.023 [main] DEBUG LexemeParser - Finish lexeme parsing
18:43:54.023 [main] DEBUG LexemeParser - Start lexeme parsing
18:43:54.024 [main] DEBUG LexemeParser - Finish lexeme parsing
18:43:54.024 [main] DEBUG LexemeParser - Start lexeme parsing
18:43:54.024 [main] DEBUG LexemeParser - Finish lexeme parsing
18:43:54.024 [main] DEBUG LexemeParser - Start lexeme parsing
18:43:54.024 [main] DEBUG LexemeParser - Finish lexeme parsing
18:43:54.024 [main] DEBUG LexemeParser - Start lexeme parsing
18:43:54.025 [main] DEBUG LexemeParser - Finish lexeme parsing
18:43:54.025 [main] DEBUG LexemeParser - Start lexeme parsing
18:43:54.025 [main] DEBUG LexemeParser - Finish lexeme parsing
18:43:54.025 [main] DEBUG LexemeParser - Start lexeme parsing
18:43:54.025 [main] DEBUG LexemeParser - Finish lexeme parsing
18:43:54.025 [main] DEBUG LexemeParser - Start lexeme parsing
18:43:54.026 [main] DEBUG LexemeParser - Finish lexeme parsing
18:43:54.026 [main] DEBUG LexemeParser - Start lexeme parsing
18:43:54.026 [main] DEBUG LexemeParser - Finish lexeme parsing
18:43:54.026 [main] DEBUG LexemeParser - Start lexeme parsing
18:43:54.026 [main] DEBUG LexemeParser - Finish lexeme parsing
18:43:54.027 [main] DEBUG LexemeParser - Start lexeme parsing
18:43:54.027 [main] DEBUG LexemeParser - Finish lexeme parsing
18:43:54.027 [main] DEBUG LexemeParser - Start lexeme parsing
18:43:54.027 [main] DEBUG LexemeParser - Finish lexeme parsing
18:43:54.027 [main] DEBUG LexemeParser - Start lexeme parsing
18:43:54.027 [main] DEBUG LexemeParser - Finish lexeme parsing
18:43:54.027 [main] DEBUG LexemeParser - Start lexeme parsing
18:43:54.027 [main] DEBUG LexemeParser - Finish lexeme parsing
18:43:54.027 [main] DEBUG LexemeParser - Start lexeme parsing
18:43:54.028 [main] DEBUG LexemeParser - Finish lexeme parsing
18:43:54.028 [main] DEBUG LexemeParser - Start lexeme parsing
18:43:54.028 [main] DEBUG LexemeParser - Finish lexeme parsing
18:43:54.028 [main] DEBUG LexemeParser - Start lexeme parsing
18:43:54.028 [main] DEBUG LexemeParser - Finish lexeme parsing
18:43:54.028 [main] DEBUG SentenceParser - Finish sentence parsing
18:43:54.028 [main] DEBUG SentenceParser - Start sentence parsing
18:43:54.029 [main] DEBUG LexemeParser - Start lexeme parsing
18:43:54.029 [main] DEBUG LexemeParser - Finish lexeme parsing
18:43:54.029 [main] DEBUG LexemeParser - Start lexeme parsing
18:43:54.029 [main] DEBUG LexemeParser - Finish lexeme parsing
18:43:54.029 [main] DEBUG LexemeParser - Start lexeme parsing
18:43:54.029 [main] DEBUG LexemeParser - Finish lexeme parsing
18:43:54.029 [main] DEBUG LexemeParser - Start lexeme parsing
18:43:54.029 [main] DEBUG LexemeParser - Finish lexeme parsing
18:43:54.029 [main] DEBUG LexemeParser - Start lexeme parsing
18:43:54.029 [main] DEBUG LexemeParser - Finish lexeme parsing
18:43:54.029 [main] DEBUG LexemeParser - Start lexeme parsing
18:43:54.030 [main] DEBUG LexemeParser - Finish lexeme parsing
18:43:54.030 [main] DEBUG LexemeParser - Start lexeme parsing
18:43:54.030 [main] DEBUG LexemeParser - Finish lexeme parsing
18:43:54.030 [main] DEBUG LexemeParser - Start lexeme parsing
18:43:54.030 [main] DEBUG LexemeParser - Finish lexeme parsing
18:43:54.030 [main] DEBUG LexemeParser - Start lexeme parsing
18:43:54.030 [main] DEBUG LexemeParser - Finish lexeme parsing
18:43:54.030 [main] DEBUG LexemeParser - Start lexeme parsing
18:43:54.031 [main] DEBUG LexemeParser - Finish lexeme parsing
18:43:54.031 [main] DEBUG LexemeParser - Start lexeme parsing
18:43:54.031 [main] DEBUG LexemeParser - Finish lexeme parsing
18:43:54.031 [main] DEBUG LexemeParser - Start lexeme parsing
18:43:54.031 [main] DEBUG LexemeParser - Finish lexeme parsing
18:43:54.031 [main] DEBUG LexemeParser - Start lexeme parsing
18:43:54.032 [main] DEBUG LexemeParser - Finish lexeme parsing
18:43:54.032 [main] DEBUG LexemeParser - Start lexeme parsing
18:43:54.032 [main] DEBUG LexemeParser - Finish lexeme parsing
18:43:54.032 [main] DEBUG LexemeParser - Start lexeme parsing
18:43:54.032 [main] DEBUG LexemeParser - Finish lexeme parsing
18:43:54.032 [main] DEBUG LexemeParser - Start lexeme parsing
18:43:54.032 [main] DEBUG LexemeParser - Finish lexeme parsing
18:43:54.032 [main] DEBUG LexemeParser - Start lexeme parsing
18:43:54.032 [main] DEBUG LexemeParser - Finish lexeme parsing
18:43:54.032 [main] DEBUG LexemeParser - Start lexeme parsing
18:43:54.033 [main] DEBUG LexemeParser - Finish lexeme parsing
18:43:54.033 [main] DEBUG LexemeParser - Start lexeme parsing
18:43:54.033 [main] DEBUG LexemeParser - Finish lexeme parsing
18:43:54.033 [main] DEBUG LexemeParser - Start lexeme parsing
18:43:54.033 [main] DEBUG LexemeParser - Finish lexeme parsing
18:43:54.033 [main] DEBUG LexemeParser - Start lexeme parsing
18:43:54.033 [main] DEBUG LexemeParser - Finish lexeme parsing
18:43:54.033 [main] DEBUG LexemeParser - Start lexeme parsing
18:43:54.033 [main] DEBUG LexemeParser - Finish lexeme parsing
18:43:54.033 [main] DEBUG SentenceParser - Finish sentence parsing
18:43:54.033 [main] DEBUG SentenceParser - Start sentence parsing
18:43:54.033 [main] DEBUG LexemeParser - Start lexeme parsing
18:43:54.033 [main] DEBUG LexemeParser - Finish lexeme parsing
18:43:54.033 [main] DEBUG LexemeParser - Start lexeme parsing
18:43:54.033 [main] DEBUG LexemeParser - Finish lexeme parsing
18:43:54.033 [main] DEBUG LexemeParser - Start lexeme parsing
18:43:54.033 [main] DEBUG LexemeParser - Finish lexeme parsing
18:43:54.033 [main] DEBUG LexemeParser - Start lexeme parsing
18:43:54.034 [main] DEBUG LexemeParser - Finish lexeme parsing
18:43:54.034 [main] DEBUG LexemeParser - Start lexeme parsing
18:43:54.034 [main] DEBUG LexemeParser - Finish lexeme parsing
18:43:54.034 [main] DEBUG LexemeParser - Start lexeme parsing
18:43:54.035 [main] DEBUG LexemeParser - Finish lexeme parsing
18:43:54.035 [main] DEBUG SentenceParser - Finish sentence parsing
18:43:54.035 [main] DEBUG ParagraphParser - Finish paragraph parsing
18:43:54.035 [main] DEBUG TextParser - Finish text parsing
18:45:36.130 [main] DEBUG TextParser - Start text parsing
18:47:06.836 [main] DEBUG ParagraphParser - Start paragraph parsing
18:48:23.691 [main] DEBUG SentenceParser - Start sentence parsing
18:50:09.493 [main] DEBUG LexemeParser - Start lexeme parsing
18:50:38.192 [main] DEBUG LexemeParser - Finish lexeme parsing
18:50:58.910 [main] DEBUG LexemeParser - Start lexeme parsing
18:51:00.883 [main] DEBUG LexemeParser - Finish lexeme parsing
18:51:11.828 [main] DEBUG LexemeParser - Start lexeme parsing
18:51:14.221 [main] DEBUG LexemeParser - Finish lexeme parsing
18:51:33.190 [main] DEBUG LexemeParser - Start lexeme parsing
18:51:34.861 [main] DEBUG LexemeParser - Finish lexeme parsing
18:51:44.994 [main] DEBUG LexemeParser - Start lexeme parsing
18:53:26.132 [main] DEBUG LexemeParser - Finish lexeme parsing
18:53:26.132 [main] DEBUG LexemeParser - Start lexeme parsing
18:53:26.134 [main] DEBUG LexemeParser - Finish lexeme parsing
18:53:26.134 [main] DEBUG LexemeParser - Start lexeme parsing
18:53:26.136 [main] DEBUG LexemeParser - Finish lexeme parsing
18:53:26.136 [main] DEBUG LexemeParser - Start lexeme parsing
18:53:26.137 [main] DEBUG LexemeParser - Finish lexeme parsing
18:53:26.137 [main] DEBUG LexemeParser - Start lexeme parsing
18:53:26.138 [main] DEBUG LexemeParser - Finish lexeme parsing
18:53:26.138 [main] DEBUG LexemeParser - Start lexeme parsing
18:53:26.138 [main] DEBUG LexemeParser - Finish lexeme parsing
18:53:26.139 [main] DEBUG LexemeParser - Start lexeme parsing
18:53:26.139 [main] DEBUG LexemeParser - Finish lexeme parsing
18:53:26.140 [main] DEBUG LexemeParser - Start lexeme parsing
18:53:26.141 [main] DEBUG LexemeParser - Finish lexeme parsing
18:53:26.141 [main] DEBUG LexemeParser - Start lexeme parsing
18:53:26.141 [main] DEBUG LexemeParser - Finish lexeme parsing
18:53:26.142 [main] DEBUG LexemeParser - Start lexeme parsing
18:53:26.142 [main] DEBUG LexemeParser - Finish lexeme parsing
18:53:26.142 [main] DEBUG LexemeParser - Start lexeme parsing
18:53:26.143 [main] DEBUG LexemeParser - Finish lexeme parsing
18:53:26.143 [main] DEBUG LexemeParser - Start lexeme parsing
18:53:26.143 [main] DEBUG LexemeParser - Finish lexeme parsing
18:53:26.144 [main] DEBUG LexemeParser - Start lexeme parsing
18:53:26.144 [main] DEBUG LexemeParser - Finish lexeme parsing
18:53:26.144 [main] DEBUG LexemeParser - Start lexeme parsing
18:53:26.145 [main] DEBUG LexemeParser - Finish lexeme parsing
18:53:26.146 [main] DEBUG LexemeParser - Start lexeme parsing
18:53:26.147 [main] DEBUG LexemeParser - Finish lexeme parsing
18:53:26.147 [main] DEBUG LexemeParser - Start lexeme parsing
18:53:26.148 [main] DEBUG LexemeParser - Finish lexeme parsing
18:53:26.148 [main] DEBUG LexemeParser - Start lexeme parsing
18:53:26.149 [main] DEBUG LexemeParser - Finish lexeme parsing
18:53:26.150 [main] DEBUG LexemeParser - Start lexeme parsing
18:53:26.151 [main] DEBUG LexemeParser - Finish lexeme parsing
18:53:26.152 [main] DEBUG SentenceParser - Finish sentence parsing
18:53:26.152 [main] DEBUG SentenceParser - Start sentence parsing
18:53:26.153 [main] DEBUG LexemeParser - Start lexeme parsing
18:53:26.153 [main] DEBUG LexemeParser - Finish lexeme parsing
18:53:26.153 [main] DEBUG LexemeParser - Start lexeme parsing
18:53:26.154 [main] DEBUG LexemeParser - Finish lexeme parsing
18:53:26.154 [main] DEBUG LexemeParser - Start lexeme parsing
18:53:26.156 [main] DEBUG LexemeParser - Finish lexeme parsing
18:53:26.156 [main] DEBUG LexemeParser - Start lexeme parsing
18:53:26.156 [main] DEBUG LexemeParser - Finish lexeme parsing
18:53:26.156 [main] DEBUG LexemeParser - Start lexeme parsing
18:53:26.157 [main] DEBUG LexemeParser - Finish lexeme parsing
18:53:26.158 [main] DEBUG LexemeParser - Start lexeme parsing
18:53:26.158 [main] WARN  LexemeParser - Unknown symbol
18:53:26.159 [main] WARN  LexemeParser - Unknown symbol
18:53:26.159 [main] DEBUG LexemeParser - Finish lexeme parsing
18:53:26.159 [main] DEBUG LexemeParser - Start lexeme parsing
18:53:26.160 [main] DEBUG LexemeParser - Finish lexeme parsing
18:53:26.160 [main] DEBUG LexemeParser - Start lexeme parsing
18:53:26.161 [main] DEBUG LexemeParser - Finish lexeme parsing
18:53:26.161 [main] DEBUG LexemeParser - Start lexeme parsing
18:53:26.162 [main] DEBUG LexemeParser - Finish lexeme parsing
18:53:26.162 [main] DEBUG LexemeParser - Start lexeme parsing
18:53:26.163 [main] DEBUG LexemeParser - Finish lexeme parsing
18:53:26.163 [main] DEBUG LexemeParser - Start lexeme parsing
18:53:26.163 [main] DEBUG LexemeParser - Finish lexeme parsing
18:53:26.164 [main] DEBUG LexemeParser - Start lexeme parsing
18:53:26.165 [main] DEBUG LexemeParser - Finish lexeme parsing
18:53:26.165 [main] DEBUG LexemeParser - Start lexeme parsing
18:53:26.167 [main] DEBUG LexemeParser - Finish lexeme parsing
18:53:26.167 [main] DEBUG LexemeParser - Start lexeme parsing
18:53:26.169 [main] DEBUG LexemeParser - Finish lexeme parsing
18:53:26.169 [main] DEBUG LexemeParser - Start lexeme parsing
18:53:26.171 [main] DEBUG LexemeParser - Finish lexeme parsing
18:53:26.171 [main] DEBUG LexemeParser - Start lexeme parsing
18:53:26.172 [main] DEBUG LexemeParser - Finish lexeme parsing
18:53:26.172 [main] DEBUG LexemeParser - Start lexeme parsing
18:53:26.174 [main] DEBUG LexemeParser - Finish lexeme parsing
18:53:26.175 [main] DEBUG LexemeParser - Start lexeme parsing
18:53:26.175 [main] DEBUG LexemeParser - Finish lexeme parsing
18:53:26.176 [main] DEBUG LexemeParser - Start lexeme parsing
