18:06:44.102 [main] DEBUG WordParser - Start word parsing
18:06:44.107 [main] DEBUG WordParser - Finish word parsing
18:06:44.107 [main] DEBUG LexemeParser - Finish lexeme parsing
18:06:44.107 [main] DEBUG LexemeParser - Start lexeme parsing
18:06:44.107 [main] DEBUG WordParser - Start word parsing
18:06:44.107 [main] DEBUG WordParser - Finish word parsing
18:06:44.107 [main] DEBUG LexemeParser - Finish lexeme parsing
18:06:44.107 [main] DEBUG LexemeParser - Start lexeme parsing
18:06:44.107 [main] DEBUG WordParser - Start word parsing
18:06:44.107 [main] DEBUG WordParser - Finish word parsing
18:06:44.107 [main] DEBUG LexemeParser - Finish lexeme parsing
18:06:44.107 [main] DEBUG LexemeParser - Start lexeme parsing
18:06:44.108 [main] DEBUG WordParser - Start word parsing
18:06:44.108 [main] DEBUG WordParser - Finish word parsing
18:06:44.108 [main] DEBUG LexemeParser - Finish lexeme parsing
18:06:44.108 [main] DEBUG LexemeParser - Start lexeme parsing
18:06:44.109 [main] DEBUG WordParser - Start word parsing
18:06:44.109 [main] DEBUG WordParser - Finish word parsing
18:06:44.109 [main] DEBUG LexemeParser - Finish lexeme parsing
18:06:44.109 [main] DEBUG LexemeParser - Start lexeme parsing
18:06:44.110 [main] DEBUG WordParser - Start word parsing
18:06:44.110 [main] DEBUG WordParser - Finish word parsing
18:06:44.110 [main] DEBUG LexemeParser - Finish lexeme parsing
18:06:44.110 [main] DEBUG LexemeParser - Start lexeme parsing
18:06:44.110 [main] DEBUG WordParser - Start word parsing
18:06:44.110 [main] DEBUG WordParser - Finish word parsing
18:06:44.110 [main] DEBUG LexemeParser - Finish lexeme parsing
18:06:44.110 [main] DEBUG LexemeParser - Start lexeme parsing
18:06:44.110 [main] DEBUG WordParser - Start word parsing
18:06:44.110 [main] DEBUG WordParser - Finish word parsing
18:06:44.110 [main] DEBUG LexemeParser - Finish lexeme parsing
18:06:44.110 [main] DEBUG LexemeParser - Start lexeme parsing
18:06:44.110 [main] DEBUG WordParser - Start word parsing
18:06:44.110 [main] DEBUG WordParser - Finish word parsing
18:06:44.110 [main] DEBUG LexemeParser - Finish lexeme parsing
18:06:44.110 [main] DEBUG LexemeParser - Start lexeme parsing
18:06:44.110 [main] DEBUG WordParser - Start word parsing
18:06:44.110 [main] DEBUG WordParser - Finish word parsing
18:06:44.110 [main] DEBUG LexemeParser - Finish lexeme parsing
18:06:44.110 [main] DEBUG LexemeParser - Start lexeme parsing
18:06:44.110 [main] DEBUG WordParser - Start word parsing
18:06:44.110 [main] DEBUG WordParser - Finish word parsing
18:06:44.110 [main] DEBUG LexemeParser - Finish lexeme parsing
18:06:44.110 [main] DEBUG LexemeParser - Start lexeme parsing
18:06:44.110 [main] DEBUG WordParser - Start word parsing
18:06:44.110 [main] DEBUG WordParser - Finish word parsing
18:06:44.110 [main] DEBUG LexemeParser - Finish lexeme parsing
18:06:44.110 [main] DEBUG LexemeParser - Start lexeme parsing
18:06:44.110 [main] DEBUG WordParser - Start word parsing
18:06:44.110 [main] DEBUG WordParser - Finish word parsing
18:06:44.110 [main] DEBUG WordParser - Start word parsing
18:06:44.110 [main] DEBUG WordParser - Finish word parsing
18:06:44.110 [main] DEBUG WordParser - Start word parsing
18:06:44.111 [main] DEBUG WordParser - Finish word parsing
18:06:44.111 [main] DEBUG LexemeParser - Finish lexeme parsing
18:06:44.111 [main] DEBUG LexemeParser - Start lexeme parsing
18:06:44.111 [main] DEBUG WordParser - Start word parsing
18:06:44.111 [main] DEBUG WordParser - Finish word parsing
18:06:44.111 [main] DEBUG LexemeParser - Finish lexeme parsing
18:06:44.111 [main] DEBUG LexemeParser - Start lexeme parsing
18:06:44.111 [main] DEBUG WordParser - Start word parsing
18:06:44.111 [main] DEBUG WordParser - Finish word parsing
18:06:44.111 [main] DEBUG LexemeParser - Finish lexeme parsing
18:06:44.111 [main] DEBUG LexemeParser - Start lexeme parsing
18:06:44.111 [main] DEBUG WordParser - Start word parsing
18:06:44.111 [main] DEBUG WordParser - Finish word parsing
18:06:44.111 [main] DEBUG LexemeParser - Finish lexeme parsing
18:06:44.111 [main] DEBUG LexemeParser - Start lexeme parsing
18:06:44.111 [main] DEBUG WordParser - Start word parsing
18:06:44.111 [main] DEBUG WordParser - Finish word parsing
18:06:44.111 [main] DEBUG LexemeParser - Finish lexeme parsing
18:06:44.111 [main] DEBUG LexemeParser - Start lexeme parsing
18:06:44.111 [main] DEBUG WordParser - Start word parsing
18:06:44.111 [main] DEBUG WordParser - Finish word parsing
18:06:44.111 [main] DEBUG LexemeParser - Finish lexeme parsing
18:06:44.111 [main] DEBUG LexemeParser - Start lexeme parsing
18:06:44.111 [main] DEBUG WordParser - Start word parsing
18:06:44.111 [main] DEBUG WordParser - Finish word parsing
18:06:44.111 [main] DEBUG LexemeParser - Finish lexeme parsing
18:06:44.112 [main] DEBUG LexemeParser - Start lexeme parsing
18:06:44.112 [main] DEBUG WordParser - Start word parsing
18:06:44.112 [main] DEBUG WordParser - Finish word parsing
18:06:44.112 [main] DEBUG LexemeParser - Finish lexeme parsing
18:06:44.112 [main] DEBUG LexemeParser - Start lexeme parsing
18:06:44.112 [main] DEBUG WordParser - Start word parsing
18:06:44.112 [main] DEBUG WordParser - Finish word parsing
18:06:44.112 [main] DEBUG LexemeParser - Finish lexeme parsing
18:06:44.112 [main] DEBUG LexemeParser - Start lexeme parsing
18:06:44.112 [main] DEBUG WordParser - Start word parsing
18:06:44.112 [main] DEBUG WordParser - Finish word parsing
18:06:44.112 [main] DEBUG LexemeParser - Finish lexeme parsing
18:06:44.112 [main] DEBUG LexemeParser - Start lexeme parsing
18:06:44.112 [main] DEBUG WordParser - Start word parsing
18:06:44.112 [main] DEBUG WordParser - Finish word parsing
18:06:44.112 [main] DEBUG LexemeParser - Finish lexeme parsing
18:06:44.112 [main] DEBUG LexemeParser - Start lexeme parsing
18:06:44.112 [main] DEBUG WordParser - Start word parsing
18:06:44.112 [main] DEBUG WordParser - Finish word parsing
18:06:44.112 [main] DEBUG LexemeParser - Finish lexeme parsing
18:06:44.112 [main] DEBUG LexemeParser - Start lexeme parsing
18:06:44.112 [main] DEBUG WordParser - Start word parsing
18:06:44.112 [main] DEBUG WordParser - Finish word parsing
18:06:44.112 [main] DEBUG LexemeParser - Finish lexeme parsing
18:06:44.112 [main] DEBUG LexemeParser - Start lexeme parsing
18:06:44.112 [main] DEBUG WordParser - Start word parsing
18:06:44.113 [main] DEBUG WordParser - Finish word parsing
18:06:44.113 [main] DEBUG LexemeParser - Finish lexeme parsing
18:06:44.113 [main] DEBUG LexemeParser - Start lexeme parsing
18:06:44.113 [main] DEBUG WordParser - Start word parsing
18:06:44.113 [main] DEBUG WordParser - Finish word parsing
18:06:44.113 [main] DEBUG LexemeParser - Finish lexeme parsing
18:06:44.113 [main] DEBUG SentenceParser - Finish sentence parsing
18:06:44.113 [main] DEBUG SentenceParser - Start sentence parsing
18:06:44.113 [main] DEBUG LexemeParser - Start lexeme parsing
18:06:44.113 [main] DEBUG WordParser - Start word parsing
18:06:44.113 [main] DEBUG WordParser - Finish word parsing
18:06:44.113 [main] DEBUG LexemeParser - Finish lexeme parsing
18:06:44.113 [main] DEBUG LexemeParser - Start lexeme parsing
18:06:44.113 [main] DEBUG WordParser - Start word parsing
18:06:44.113 [main] DEBUG WordParser - Finish word parsing
18:06:44.113 [main] DEBUG LexemeParser - Finish lexeme parsing
18:06:44.113 [main] DEBUG LexemeParser - Start lexeme parsing
18:06:44.113 [main] DEBUG WordParser - Start word parsing
18:06:44.113 [main] DEBUG WordParser - Finish word parsing
18:06:44.113 [main] DEBUG LexemeParser - Finish lexeme parsing
18:06:44.113 [main] DEBUG LexemeParser - Start lexeme parsing
18:06:44.113 [main] DEBUG WordParser - Start word parsing
18:06:44.113 [main] DEBUG WordParser - Finish word parsing
18:06:44.114 [main] DEBUG LexemeParser - Finish lexeme parsing
18:06:44.114 [main] DEBUG LexemeParser - Start lexeme parsing
18:06:44.114 [main] DEBUG WordParser - Start word parsing
18:06:44.114 [main] DEBUG WordParser - Finish word parsing
18:06:44.114 [main] DEBUG LexemeParser - Finish lexeme parsing
18:06:44.114 [main] DEBUG LexemeParser - Start lexeme parsing
18:06:44.114 [main] DEBUG WordParser - Start word parsing
18:06:44.114 [main] DEBUG WordParser - Finish word parsing
18:06:44.114 [main] DEBUG LexemeParser - Finish lexeme parsing
18:06:44.114 [main] DEBUG LexemeParser - Start lexeme parsing
18:06:44.114 [main] DEBUG WordParser - Start word parsing
18:06:44.114 [main] DEBUG WordParser - Finish word parsing
18:06:44.114 [main] DEBUG LexemeParser - Finish lexeme parsing
18:06:44.114 [main] DEBUG LexemeParser - Start lexeme parsing
18:06:44.114 [main] DEBUG WordParser - Start word parsing
18:06:44.115 [main] DEBUG WordParser - Finish word parsing
18:06:44.115 [main] DEBUG LexemeParser - Finish lexeme parsing
18:06:44.115 [main] DEBUG LexemeParser - Start lexeme parsing
18:06:44.115 [main] DEBUG WordParser - Start word parsing
18:06:44.115 [main] DEBUG WordParser - Finish word parsing
18:06:44.115 [main] DEBUG LexemeParser - Finish lexeme parsing
18:06:44.115 [main] DEBUG LexemeParser - Start lexeme parsing
18:06:44.115 [main] DEBUG WordParser - Start word parsing
18:06:44.115 [main] DEBUG WordParser - Finish word parsing
18:06:44.115 [main] DEBUG LexemeParser - Finish lexeme parsing
18:06:44.115 [main] DEBUG LexemeParser - Start lexeme parsing
18:06:44.115 [main] DEBUG WordParser - Start word parsing
18:06:44.115 [main] DEBUG WordParser - Finish word parsing
18:06:44.115 [main] DEBUG LexemeParser - Finish lexeme parsing
18:06:44.115 [main] DEBUG LexemeParser - Start lexeme parsing
18:06:44.115 [main] DEBUG WordParser - Start word parsing
18:06:44.115 [main] DEBUG WordParser - Finish word parsing
18:06:44.115 [main] DEBUG LexemeParser - Finish lexeme parsing
18:06:44.115 [main] DEBUG LexemeParser - Start lexeme parsing
18:06:44.115 [main] DEBUG WordParser - Start word parsing
18:06:44.115 [main] DEBUG WordParser - Finish word parsing
18:06:44.115 [main] DEBUG LexemeParser - Finish lexeme parsing
18:06:44.115 [main] DEBUG LexemeParser - Start lexeme parsing
18:06:44.115 [main] DEBUG WordParser - Start word parsing
18:06:44.115 [main] DEBUG WordParser - Finish word parsing
18:06:44.115 [main] DEBUG LexemeParser - Finish lexeme parsing
18:06:44.115 [main] DEBUG LexemeParser - Start lexeme parsing
18:06:44.115 [main] DEBUG WordParser - Start word parsing
18:06:44.115 [main] DEBUG WordParser - Finish word parsing
18:06:44.115 [main] DEBUG LexemeParser - Finish lexeme parsing
18:06:44.115 [main] DEBUG LexemeParser - Start lexeme parsing
18:06:44.115 [main] DEBUG WordParser - Start word parsing
18:06:44.115 [main] DEBUG WordParser - Finish word parsing
18:06:44.115 [main] DEBUG LexemeParser - Finish lexeme parsing
18:06:44.116 [main] DEBUG LexemeParser - Start lexeme parsing
18:06:44.116 [main] DEBUG WordParser - Start word parsing
18:06:44.116 [main] DEBUG WordParser - Finish word parsing
18:06:44.116 [main] DEBUG LexemeParser - Finish lexeme parsing
18:06:44.116 [main] DEBUG LexemeParser - Start lexeme parsing
18:06:44.116 [main] DEBUG WordParser - Start word parsing
18:06:44.116 [main] DEBUG WordParser - Finish word parsing
18:06:44.116 [main] DEBUG LexemeParser - Finish lexeme parsing
18:06:44.116 [main] DEBUG LexemeParser - Start lexeme parsing
18:06:44.116 [main] DEBUG WordParser - Start word parsing
18:06:44.116 [main] DEBUG WordParser - Finish word parsing
18:06:44.116 [main] DEBUG LexemeParser - Finish lexeme parsing
18:06:44.116 [main] DEBUG LexemeParser - Start lexeme parsing
18:06:44.116 [main] DEBUG WordParser - Start word parsing
18:06:44.116 [main] DEBUG WordParser - Finish word parsing
18:06:44.116 [main] DEBUG LexemeParser - Finish lexeme parsing
18:06:44.116 [main] DEBUG LexemeParser - Start lexeme parsing
18:06:44.116 [main] DEBUG WordParser - Start word parsing
18:06:44.116 [main] DEBUG WordParser - Finish word parsing
18:06:44.116 [main] DEBUG LexemeParser - Finish lexeme parsing
18:06:44.116 [main] DEBUG SentenceParser - Finish sentence parsing
18:06:44.116 [main] DEBUG SentenceParser - Start sentence parsing
18:06:44.116 [main] DEBUG LexemeParser - Start lexeme parsing
18:06:44.116 [main] DEBUG WordParser - Start word parsing
18:06:44.116 [main] DEBUG WordParser - Finish word parsing
18:06:44.116 [main] DEBUG LexemeParser - Finish lexeme parsing
18:06:44.117 [main] DEBUG LexemeParser - Start lexeme parsing
18:06:44.117 [main] DEBUG WordParser - Start word parsing
18:06:44.117 [main] DEBUG WordParser - Finish word parsing
18:06:44.117 [main] DEBUG LexemeParser - Finish lexeme parsing
18:06:44.117 [main] DEBUG LexemeParser - Start lexeme parsing
18:06:44.117 [main] DEBUG WordParser - Start word parsing
18:06:44.117 [main] DEBUG WordParser - Finish word parsing
18:06:44.117 [main] DEBUG LexemeParser - Finish lexeme parsing
18:06:44.117 [main] DEBUG LexemeParser - Start lexeme parsing
18:06:44.117 [main] DEBUG WordParser - Start word parsing
18:06:44.117 [main] DEBUG WordParser - Finish word parsing
18:06:44.117 [main] DEBUG LexemeParser - Finish lexeme parsing
18:06:44.117 [main] DEBUG LexemeParser - Start lexeme parsing
18:06:44.117 [main] DEBUG WordParser - Start word parsing
18:06:44.118 [main] DEBUG WordParser - Finish word parsing
18:06:44.118 [main] DEBUG LexemeParser - Finish lexeme parsing
18:06:44.118 [main] DEBUG SentenceParser - Finish sentence parsing
18:06:44.118 [main] DEBUG ParagraphParser - Finish paragraph parsing
